android/app/build/intermediates/manifest_merge_blame_file/debug/manifest-merger-blame-debug-report.txt
1<?xml version="1.0" encoding="utf-8"?>
2<manifest xmlns:android="http://schemas.android.com/apk/res/android"
3    package="com.example.shopping_mastermind" >
4
5    <uses-sdk
6        android:minSdkVersion="21"
7        android:targetSdkVersion="34" />
8    <!--
9         The INTERNET permission is required for development. Specifically,
10         the Flutter tool needs it to communicate with the running application
11         to allow setting breakpoints, to provide hot reload, etc.
12    -->
13    <uses-permission android:name="android.permission.INTERNET" />
13-->src\debug\AndroidManifest.xml:6:5-66
13-->src\debug\AndroidManifest.xml:6:22-64
14    <!-- Required to query activities that can process text -->
15    <queries>
15-->src\main\AndroidManifest.xml:35:5-40:15
16        <intent>
16-->src\main\AndroidManifest.xml:36:9-39:18
17            <action android:name="android.intent.action.PROCESS_TEXT" />
17-->src\main\AndroidManifest.xml:37:13-72
17-->src\main\AndroidManifest.xml:37:21-70
18
19            <data android:mimeType="text/plain" />
19-->src\main\AndroidManifest.xml:38:13-50
19-->src\main\AndroidManifest.xml:38:19-48
20        </intent>
21    </queries>
22
23    <uses-permission android:name="android.permission.ACCESS_NETWORK_STATE" />
23-->[com.google.android.gms:play-services-measurement-api:21.2.2] AndroidManifest.xml:23:5-79
23-->[com.google.android.gms:play-services-measurement-api:21.2.2] AndroidManifest.xml:23:22-76
24    <uses-permission android:name="android.permission.WAKE_LOCK" />
24-->[com.google.android.gms:play-services-measurement-api:21.2.2] AndroidManifest.xml:24:5-68
24-->[com.google.android.gms:play-services-measurement-api:21.2.2] AndroidManifest.xml:24:22-65
25    <uses-permission android:name="com.google.android.gms.permission.AD_ID" />
25-->[com.google.android.gms:play-services-measurement-api:21.2.2] AndroidManifest.xml:25:5-79
25-->[com.google.android.gms:play-services-measurement-api:21.2.2] AndroidManifest.xml:25:22-76
26    <uses-permission android:name="com.google.android.finsky.permission.BIND_GET_INSTALL_REFERRER_SERVICE" />
26-->[com.google.android.gms:play-services-measurement:21.2.2] AndroidManifest.xml:26:5-110
26-->[com.google.android.gms:play-services-measurement:21.2.2] AndroidManifest.xml:26:22-107
27
28    <application
28-->src\main\AndroidManifest.xml:4:5-32:19
29        android:appComponentFactory="androidx.core.app.CoreComponentFactory"
29-->[androidx.core:core:1.6.0] AndroidManifest.xml:24:18-86
30        android:debuggable="true"
31        android:icon="@mipmap/ic_launcher"
31-->src\main\AndroidManifest.xml:6:9-43
32        android:label="shopping_mastermind"
32-->src\main\AndroidManifest.xml:5:9-44
33        android:theme="@style/LaunchTheme" >
33-->src\main\AndroidManifest.xml:7:9-43
34        <activity
34-->src\main\AndroidManifest.xml:9:9-26:20
35            android:name="com.example.shopping_mastermind.MainActivity"
35-->src\main\AndroidManifest.xml:10:13-41
36            android:configChanges="orientation|keyboardHidden|keyboard|screenSize|smallestScreenSize|locale|layoutDirection|fontScale|screenLayout|density|uiMode"
36-->src\main\AndroidManifest.xml:13:13-163
37            android:exported="true"
37-->src\main\AndroidManifest.xml:11:13-36
38            android:hardwareAccelerated="true"
38-->src\main\AndroidManifest.xml:14:13-47
39            android:launchMode="singleTop"
39-->src\main\AndroidManifest.xml:12:13-43
40            android:windowSoftInputMode="adjustResize" >
40-->src\main\AndroidManifest.xml:15:13-55
41            <meta-data
41-->src\main\AndroidManifest.xml:17:13-19:56
42                android:name="io.flutter.embedding.android.NormalTheme"
42-->src\main\AndroidManifest.xml:18:17-72
43                android:resource="@style/NormalTheme" />
43-->src\main\AndroidManifest.xml:19:17-54
44
45            <intent-filter>
45-->src\main\AndroidManifest.xml:21:13-24:29
46                <action android:name="android.intent.action.MAIN" />
46-->src\main\AndroidManifest.xml:22:17-68
46-->src\main\AndroidManifest.xml:22:25-66
47
48                <category android:name="android.intent.category.LAUNCHER" />
48-->src\main\AndroidManifest.xml:23:17-76
48-->src\main\AndroidManifest.xml:23:27-74
49            </intent-filter>
50        </activity>
51
52        <meta-data
52-->src\main\AndroidManifest.xml:28:9-30:32
53            android:name="flutterEmbedding"
53-->src\main\AndroidManifest.xml:29:13-44
54            android:value="2" />
54-->src\main\AndroidManifest.xml:30:13-30
55
56        <uses-library
56-->[androidx.window:window:1.0.0-beta04] AndroidManifest.xml:25:9-27:40
57            android:name="androidx.window.extensions"
57-->[androidx.window:window:1.0.0-beta04] AndroidManifest.xml:26:13-54
58            android:required="false" />
58-->[androidx.window:window:1.0.0-beta04] AndroidManifest.xml:27:13-37
59        <uses-library
59-->[androidx.window:window:1.0.0-beta04] AndroidManifest.xml:28:9-30:40
60            android:name="androidx.window.sidecar"
60-->[androidx.window:window:1.0.0-beta04] AndroidManifest.xml:29:13-51
61            android:required="false" />
61-->[androidx.window:window:1.0.0-beta04] AndroidManifest.xml:30:13-37
62
63        <service
63-->[com.google.android.gms:play-services-measurement-api:21.2.2] AndroidManifest.xml:28:9-34:19
64            android:name="com.google.firebase.components.ComponentDiscoveryService"
64-->[com.google.android.gms:play-services-measurement-api:21.2.2] AndroidManifest.xml:29:13-84
65            android:directBootAware="true"
65-->[com.google.firebase:firebase-common:20.3.2] AndroidManifest.xml:34:13-43
66            android:exported="false" >
66-->[com.google.android.gms:play-services-measurement-api:21.2.2] AndroidManifest.xml:30:13-37
67            <meta-data
67-->[com.google.android.gms:play-services-measurement-api:21.2.2] AndroidManifest.xml:31:13-33:85
68                android:name="com.google.firebase.components:com.google.firebase.analytics.connector.internal.AnalyticsConnectorRegistrar"
68-->[com.google.android.gms:play-services-measurement-api:21.2.2] AndroidManifest.xml:32:17-139
69                android:value="com.google.firebase.components.ComponentRegistrar" />
69-->[com.google.android.gms:play-services-measurement-api:21.2.2] AndroidManifest.xml:33:17-82
70            <meta-data
70-->[com.google.firebase:firebase-installations:17.1.3] AndroidManifest.xml:17:13-19:85
71                android:name="com.google.firebase.components:com.google.firebase.installations.FirebaseInstallationsRegistrar"
71-->[com.google.firebase:firebase-installations:17.1.3] AndroidManifest.xml:18:17-127
72                android:value="com.google.firebase.components.ComponentRegistrar" />
72-->[com.google.firebase:firebase-installations:17.1.3] AndroidManifest.xml:19:17-82
73        </service>
74
75        <provider
75-->[com.google.firebase:firebase-common:20.3.2] AndroidManifest.xml:25:9-30:39
76            android:name="com.google.firebase.provider.FirebaseInitProvider"
76-->[com.google.firebase:firebase-common:20.3.2] AndroidManifest.xml:26:13-77
77            android:authorities="com.example.shopping_mastermind.firebaseinitprovider"
77-->[com.google.firebase:firebase-common:20.3.2] AndroidManifest.xml:27:13-72
78            android:directBootAware="true"
78-->[com.google.firebase:firebase-common:20.3.2] AndroidManifest.xml:28:13-43
79            android:exported="false"
79-->[com.google.firebase:firebase-common:20.3.2] AndroidManifest.xml:29:13-37
80            android:initOrder="100" />
80-->[com.google.firebase:firebase-common:20.3.2] AndroidManifest.xml:30:13-36
81
82        <receiver
82-->[com.google.android.gms:play-services-measurement:21.2.2] AndroidManifest.xml:29:9-33:20
83            android:name="com.google.android.gms.measurement.AppMeasurementReceiver"
83-->[com.google.android.gms:play-services-measurement:21.2.2] AndroidManifest.xml:30:13-85
84            android:enabled="true"
84-->[com.google.android.gms:play-services-measurement:21.2.2] AndroidManifest.xml:31:13-35
85            android:exported="false" >
85-->[com.google.android.gms:play-services-measurement:21.2.2] AndroidManifest.xml:32:13-37
86        </receiver>
87
88        <service
88-->[com.google.android.gms:play-services-measurement:21.2.2] AndroidManifest.xml:35:9-38:40
89            android:name="com.google.android.gms.measurement.AppMeasurementService"
89-->[com.google.android.gms:play-services-measurement:21.2.2] AndroidManifest.xml:36:13-84
90            android:enabled="true"
90-->[com.google.android.gms:play-services-measurement:21.2.2] AndroidManifest.xml:37:13-35
91            android:exported="false" />
91-->[com.google.android.gms:play-services-measurement:21.2.2] AndroidManifest.xml:38:13-37
92        <service
92-->[com.google.android.gms:play-services-measurement:21.2.2] AndroidManifest.xml:39:9-43:72
93            android:name="com.google.android.gms.measurement.AppMeasurementJobService"
93-->[com.google.android.gms:play-services-measurement:21.2.2] AndroidManifest.xml:40:13-87
94            android:enabled="true"
94-->[com.google.android.gms:play-services-measurement:21.2.2] AndroidManifest.xml:41:13-35
95            android:exported="false"
95-->[com.google.android.gms:play-services-measurement:21.2.2] AndroidManifest.xml:42:13-37
96            android:permission="android.permission.BIND_JOB_SERVICE" />
96-->[com.google.android.gms:play-services-measurement:21.2.2] AndroidManifest.xml:43:13-69
97
98        <meta-data
98-->[com.google.android.gms:play-services-basement:18.1.0] AndroidManifest.xml:21:9-23:69
99            android:name="com.google.android.gms.version"
99-->[com.google.android.gms:play-services-basement:18.1.0] AndroidManifest.xml:22:13-58
100            android:value="@integer/google_play_services_version" />
100-->[com.google.android.gms:play-services-basement:18.1.0] AndroidManifest.xml:23:13-66
101    </application>
102
103</manifest>